<?xml version="1.0" encoding="utf-8" standalone="no"?>
<!--This file represents the results of running a test suite-->
<test-results name="C:\Users\hcharls\Documents\Visual Studio 2017\Projects\BaseAutomationFramework_v1_0\BaseAutomationFramework.sln" total="1" errors="1" failures="0" not-run="0" inconclusive="0" ignored="0" skipped="0" invalid="0" date="2018-10-12" time="09:10:00">
  <environment nunit-version="2.6.4.14350" clr-version="2.0.50727.8793" os-version="Microsoft Windows NT 6.1.7601 Service Pack 1" platform="Win32NT" cwd="C:\Program Files (x86)\NUnit 2.6.4\bin" machine-name="D-J6P1NC2" user="hcharls" user-domain="PEM" />
  <culture-info current-culture="en-US" current-uiculture="en-US" />
  <test-suite type="Project" name="C:\Users\hcharls\Documents\Visual Studio 2017\Projects\BaseAutomationFramework_v1_0\BaseAutomationFramework.sln" executed="True" result="Failure" success="False" time="364.594" asserts="0">
    <results>
      <test-suite type="Assembly" name="C:\Users\hcharls\Documents\Visual Studio 2017\Projects\BaseAutomationFramework_v1_0\BaseAutomationFramework\bin\Debug\BaseAutomationFramework.dll" executed="True" result="Failure" success="False" time="364.586" asserts="0">
        <results>
          <test-suite type="Namespace" name="BaseAutomationFramework" executed="True" result="Failure" success="False" time="364.585" asserts="0">
            <results>
              <test-suite type="Namespace" name="Tests" executed="True" result="Failure" success="False" time="364.585" asserts="0">
                <results>
                  <test-suite type="Namespace" name="Encompass" executed="True" result="Failure" success="False" time="364.584" asserts="0">
                    <results>
                      <test-suite type="Namespace" name="LoanCreation" executed="True" result="Failure" success="False" time="364.584" asserts="0">
                        <results>
                          <test-suite type="TestFixture" name="Regression" executed="True" result="Failure" success="False" time="364.582" asserts="0">
                            <results>
                              <test-case name="BaseAutomationFramework.Tests.Encompass.LoanCreation.Regression._04_InitialDisclosures" executed="True" result="Error" success="False" time="364.429" asserts="0">
                                <failure>
                                  <message><![CDATA[TestStack.White.UIItems.UIActionException : Time out happened, after waiting for 120000 ms]]></message>
                                  <stack-trace><![CDATA[at TestStack.White.UIItems.WindowItems.Window.WaitTill(WaitTillDelegate waitTillDelegate, TimeSpan timeout) in d:\work\White\src\TestStack.White\UIItems\WindowItems\Window.cs:line 311
at BaseAutomationFramework.PageObjects.BaseScreen.WaitUntilWindowReady(SearchCriteria ParentWindowLocator, SearchCriteria ModalLocator, SearchCriteria ChildModalLocator, Double timeoutSeconds)
at BaseAutomationFramework.PageObjects.BaseScreen.Set_Screen(SearchCriteria[] scParams, Boolean isMaximized)
at BaseAutomationFramework.PageObjects.Encompass.Encompass_eFolder..ctor()
at BaseAutomationFramework.PageObjects.Encompass.Retrieve.OpenFrom_eFolder()
at BaseAutomationFramework.Tests.Encompass.LoanCreation.Regression._04_InitialDisclosures()
]]></stack-trace>
                                </failure>
                              </test-case>
                            </results>
                          </test-suite>
                        </results>
                      </test-suite>
                    </results>
                  </test-suite>
                </results>
              </test-suite>
            </results>
          </test-suite>
        </results>
      </test-suite>
    </results>
  </test-suite>
</test-results>